{
  "RSpec": {
    "coverage": {
      "/Users/David/Projects/clones/databases/app.rb": [
        1,
        1,
        1,
        1,
        1,
        null,
        1,
        null,
        null,
        1,
        null,
        null,
        1,
        3,
        3,
        null,
        null,
        1,
        2,
        null,
        null,
        1,
        2,
        2,
        2,
        2,
        2,
        null,
        null,
        null
      ],
      "/Users/David/Projects/clones/databases/data_mapper_setup.rb": [
        1,
        1,
        null,
        1,
        1,
        null,
        1,
        1,
        1
      ],
      "/Users/David/Projects/clones/databases/spec/features/creating_links_spec.rb": [
        null,
        1,
        1,
        1,
        1,
        1,
        1,
        1,
        1,
        1,
        null,
        null,
        null
      ],
      "/Users/David/Projects/clones/databases/spec/features/tag_spec.rb": [
        1,
        1,
        1,
        1,
        1,
        1,
        1,
        1,
        1,
        null,
        null
      ],
      "/Users/David/Projects/clones/databases/spec/features/view_links_spec.rb": [
        null,
        1,
        1,
        1,
        1,
        1,
        null,
        1,
        1,
        null,
        null,
        null
      ]
    },
    "timestamp": 1493893917
  }
}
