{
  "RSpec": {
    "coverage": {
      "/Users/sblausten/Documents/Makers/databases/app.rb": [
        1,
        1,
        1,
        null,
        1,
        null,
        null,
        1,
        null,
        null,
        1,
        2,
        2,
        null,
        null,
        1,
        1,
        null,
        null,
        1,
        1,
        1,
        null,
        null,
        null
      ],
      "/Users/sblausten/Documents/Makers/databases/spec/features/creating_links_spec.rb": [
        null,
        1,
        1,
        1,
        1,
        1,
        1,
        1,
        1,
        null,
        null,
        null
      ],
      "/Users/sblausten/Documents/Makers/databases/spec/features/view_links_spec.rb": [
        null,
        1,
        1,
        1,
        1,
        1,
        null,
        1,
        1,
        null,
        null,
        null
      ]
    },
    "timestamp": 1493744479
  }
}
